-------------------------------------------------------------------------------
Test set: TestSuite
-------------------------------------------------------------------------------
Tests run: 2, Failures: 2, Errors: 0, Skipped: 0, Time elapsed: 1.469 s <<< FAILURE! - in TestSuite
zoho.runner.MyRunner.runScenario  Time elapsed: 0.695 s  <<< FAILURE!
java.lang.NullPointerException

zoho.runner.MyRunner.runScenario  Time elapsed: 0.696 s  <<< FAILURE!
java.lang.NullPointerException

