<?xml version="1.0" encoding="UTF-8"?>
<testng-results skipped="0" failed="0" ignored="0" total="1" passed="1">
  <reporter-output>
  </reporter-output>
  <suite name="Test runner" duration-ms="18898" started-at="2022-03-02T12:00:24 IST" finished-at="2022-03-02T12:00:43 IST">
    <groups>
      <group name="cucumber">
        <method signature="AbstractTestNGCucumberTests.runScenario(io.cucumber.testng.PickleWrapper, io.cucumber.testng.FeatureWrapper)[pri:0, instance:zoho.runner.MyRunner@2b2948e2]" name="runScenario" class="io.cucumber.testng.AbstractTestNGCucumberTests"/>
      </group> <!-- cucumber -->
    </groups>
    <test name="Cucumber Runner" duration-ms="18898" started-at="2022-03-02T12:00:24 IST" finished-at="2022-03-02T12:00:43 IST">
      <class name="zoho.runner.MyRunner">
        <test-method status="PASS" signature="setUpClass()[pri:0, instance:zoho.runner.MyRunner@2b2948e2]" name="setUpClass" is-config="true" duration-ms="361" started-at="2022-03-02T12:00:24 IST" finished-at="2022-03-02T12:00:24 IST">
          <reporter-output>
          </reporter-output>
        </test-method> <!-- setUpClass -->
        <test-method status="PASS" signature="runScenario(io.cucumber.testng.PickleWrapper, io.cucumber.testng.FeatureWrapper)[pri:0, instance:zoho.runner.MyRunner@2b2948e2]" name="runScenario" duration-ms="18435" started-at="2022-03-02T12:00:24 IST" description="Runs Cucumber Scenarios" data-provider="scenarios" finished-at="2022-03-02T12:00:43 IST">
          <params>
            <param index="0">
              <value>
                <![CDATA["Verify user can buy an item from saucedemo"]]>
              </value>
            </param>
            <param index="1">
              <value>
                <![CDATA["Optional[Test automation for saucedemo]"]]>
              </value>
            </param>
          </params>
          <reporter-output>
          </reporter-output>
        </test-method> <!-- runScenario -->
        <test-method status="PASS" signature="tearDownClass()[pri:0, instance:zoho.runner.MyRunner@2b2948e2]" name="tearDownClass" is-config="true" duration-ms="62" started-at="2022-03-02T12:00:43 IST" finished-at="2022-03-02T12:00:43 IST">
          <reporter-output>
          </reporter-output>
        </test-method> <!-- tearDownClass -->
      </class> <!-- zoho.runner.MyRunner -->
    </test> <!-- Cucumber Runner -->
  </suite> <!-- Test runner -->
</testng-results>
